<?xml version="1.0" encoding="UTF-8"?>
<!-- Generated by org.testng.reporters.JUnitReportReporter -->
<testsuite hostname="nb-philipps-7" name="mobiletest.testng.MobileTest" tests="1" failures="0" timestamp="17 Feb 2015 14:18:55 GMT" time="0.005" errors="0">
  <testcase name="f" time="0.005" classname="mobiletest.testng.MobileTest"/>
</testsuite> <!-- mobiletest.testng.MobileTest -->
